<?xml version="1.0" encoding="UTF-8"?>
<coverage generated="1666379721330" clover="3.2.0">
  <project timestamp="1666379721330" name="All files">
    <metrics statements="203" coveredstatements="186" conditionals="161" coveredconditionals="117" methods="37" coveredmethods="35" elements="401" coveredelements="338" complexity="0" loc="203" ncloc="203" packages="4" files="12" classes="12"/>
    <package name="src">
      <metrics statements="74" coveredstatements="63" conditionals="83" coveredconditionals="61" methods="12" coveredmethods="12"/>
      <file name="index.ts" path="C:\Users\am097662\Documents\AppDevelopment\hl7-json\src\index.ts">
        <metrics statements="74" coveredstatements="63" conditionals="83" coveredconditionals="61" methods="12" coveredmethods="12"/>
        <line num="1" count="1" type="stmt"/>
        <line num="2" count="1" type="stmt"/>
        <line num="3" count="1" type="stmt"/>
        <line num="13" count="1" type="stmt"/>
        <line num="15" count="1" type="stmt"/>
        <line num="27" count="1" type="stmt"/>
        <line num="28" count="1" type="cond" truecount="1" falsecount="1"/>
        <line num="29" count="1" type="cond" truecount="3" falsecount="1"/>
        <line num="30" count="0" type="cond" truecount="0" falsecount="2"/>
        <line num="31" count="0" type="stmt"/>
        <line num="33" count="0" type="stmt"/>
        <line num="37" count="1" type="stmt"/>
        <line num="38" count="1" type="cond" truecount="1" falsecount="1"/>
        <line num="39" count="0" type="stmt"/>
        <line num="40" count="0" type="cond" truecount="0" falsecount="1"/>
        <line num="41" count="0" type="stmt"/>
        <line num="43" count="0" type="stmt"/>
        <line num="44" count="0" type="stmt"/>
        <line num="45" count="1" type="cond" truecount="1" falsecount="0"/>
        <line num="46" count="1" type="stmt"/>
        <line num="47" count="1" type="stmt"/>
        <line num="49" count="0" type="stmt"/>
        <line num="52" count="1" type="stmt"/>
        <line num="53" count="1" type="stmt"/>
        <line num="56" count="1" type="stmt"/>
        <line num="57" count="45" type="cond" truecount="0" falsecount="1"/>
        <line num="58" count="45" type="stmt"/>
        <line num="59" count="45" type="stmt"/>
        <line num="60" count="45" type="stmt"/>
        <line num="61" count="45" type="stmt"/>
        <line num="64" count="45" type="stmt"/>
        <line num="67" count="45" type="stmt"/>
        <line num="68" count="45" type="stmt"/>
        <line num="69" count="45" type="stmt"/>
        <line num="70" count="45" type="stmt"/>
        <line num="71" count="45" type="stmt"/>
        <line num="72" count="45" type="stmt"/>
        <line num="73" count="45" type="cond" truecount="3" falsecount="1"/>
        <line num="74" count="45" type="stmt"/>
        <line num="86" count="1" type="stmt"/>
        <line num="94" count="45" type="stmt"/>
        <line num="96" count="53" type="cond" truecount="1" falsecount="0"/>
        <line num="97" count="0" type="stmt"/>
        <line num="100" count="53" type="cond" truecount="0" falsecount="1"/>
        <line num="101" count="53" type="cond" truecount="3" falsecount="1"/>
        <line num="104" count="53" type="cond" truecount="1" falsecount="0"/>
        <line num="110" count="17" type="stmt"/>
        <line num="111" count="17" type="cond" truecount="2" falsecount="0"/>
        <line num="112" count="3" type="stmt"/>
        <line num="113" count="3" type="stmt"/>
        <line num="114" count="14" type="cond" truecount="3" falsecount="0"/>
        <line num="115" count="14" type="stmt"/>
        <line num="116" count="42" type="cond" truecount="0" falsecount="1"/>
        <line num="117" count="42" type="stmt"/>
        <line num="120" count="17" type="cond" truecount="3" falsecount="0"/>
        <line num="121" count="15" type="stmt"/>
        <line num="122" count="17" type="cond" truecount="3" falsecount="1"/>
        <line num="124" count="17" type="cond" truecount="1" falsecount="0"/>
        <line num="129" count="15" type="stmt"/>
        <line num="130" count="2" type="cond" truecount="3" falsecount="1"/>
        <line num="133" count="17" type="cond" truecount="3" falsecount="0"/>
        <line num="134" count="14" type="stmt"/>
        <line num="136" count="3" type="stmt"/>
        <line num="138" count="36" type="cond" truecount="1" falsecount="0"/>
        <line num="139" count="25" type="cond" truecount="3" falsecount="0"/>
        <line num="140" count="1" type="stmt"/>
        <line num="141" count="24" type="cond" truecount="3" falsecount="1"/>
        <line num="142" count="24" type="cond" truecount="1" falsecount="0"/>
        <line num="147" count="24" type="stmt"/>
        <line num="148" count="0" type="cond" truecount="0" falsecount="4"/>
        <line num="150" count="11" type="stmt"/>
        <line num="152" count="45" type="cond" truecount="1" falsecount="0"/>
        <line num="153" count="5" type="stmt"/>
        <line num="155" count="1" type="stmt"/>
      </file>
    </package>
    <package name="src.class">
      <metrics statements="5" coveredstatements="4" conditionals="2" coveredconditionals="0" methods="2" coveredmethods="2"/>
      <file name="getSegment.ts" path="C:\Users\am097662\Documents\AppDevelopment\hl7-json\src\class\getSegment.ts">
        <metrics statements="5" coveredstatements="4" conditionals="2" coveredconditionals="0" methods="2" coveredmethods="2"/>
        <line num="3" count="1" type="stmt"/>
        <line num="4" count="45" type="cond" truecount="0" falsecount="1"/>
        <line num="5" count="45" type="cond" truecount="0" falsecount="1"/>
        <line num="6" count="0" type="stmt"/>
        <line num="9" count="496" type="stmt"/>
      </file>
    </package>
    <package name="src.decode">
      <metrics statements="91" coveredstatements="86" conditionals="44" coveredconditionals="31" methods="13" coveredmethods="13"/>
      <file name="decodeHL7.ts" path="C:\Users\am097662\Documents\AppDevelopment\hl7-json\src\decode\decodeHL7.ts">
        <metrics statements="11" coveredstatements="10" conditionals="6" coveredconditionals="3" methods="3" coveredmethods="3"/>
        <line num="2" count="1" type="stmt"/>
        <line num="3" count="1" type="stmt"/>
        <line num="5" count="2" type="cond" truecount="1" falsecount="0"/>
        <line num="6" count="1" type="cond" truecount="0" falsecount="1"/>
        <line num="7" count="0" type="stmt"/>
        <line num="13" count="1" type="cond" truecount="1" falsecount="1"/>
        <line num="25" count="1" type="stmt"/>
        <line num="28" count="1" type="stmt"/>
        <line num="29" count="11" type="stmt"/>
        <line num="31" count="11" type="stmt"/>
        <line num="33" count="1" type="stmt"/>
      </file>
      <file name="decodeRepSep.ts" path="C:\Users\am097662\Documents\AppDevelopment\hl7-json\src\decode\decodeRepSep.ts">
        <metrics statements="28" coveredstatements="26" conditionals="15" coveredconditionals="13" methods="1" coveredmethods="1"/>
        <line num="3" count="1" type="stmt"/>
        <line num="20" count="253" type="stmt"/>
        <line num="21" count="253" type="cond" truecount="1" falsecount="0"/>
        <line num="22" count="242" type="stmt"/>
        <line num="23" count="242" type="stmt"/>
        <line num="25" count="253" type="cond" truecount="1" falsecount="0"/>
        <line num="26" count="230" type="stmt"/>
        <line num="27" count="230" type="stmt"/>
        <line num="28" count="230" type="stmt"/>
        <line num="29" count="399" type="stmt"/>
        <line num="30" count="399" type="stmt"/>
        <line num="31" count="399" type="cond" truecount="2" falsecount="0"/>
        <line num="32" count="407" type="cond" truecount="1" falsecount="0"/>
        <line num="33" count="407" type="stmt"/>
        <line num="34" count="407" type="stmt"/>
        <line num="35" count="407" type="stmt"/>
        <line num="37" count="407" type="cond" truecount="1" falsecount="0"/>
        <line num="39" count="399" type="cond" truecount="1" falsecount="1"/>
        <line num="40" count="0" type="stmt"/>
        <line num="41" count="399" type="cond" truecount="2" falsecount="0"/>
        <line num="42" count="394" type="stmt"/>
        <line num="44" count="5" type="stmt"/>
        <line num="45" count="5" type="stmt"/>
        <line num="48" count="230" type="cond" truecount="1" falsecount="1"/>
        <line num="49" count="0" type="stmt"/>
        <line num="50" count="230" type="cond" truecount="3" falsecount="0"/>
        <line num="51" count="171" type="stmt"/>
        <line num="53" count="59" type="stmt"/>
      </file>
      <file name="decodeSegment.ts" path="C:\Users\am097662\Documents\AppDevelopment\hl7-json\src\decode\decodeSegment.ts">
        <metrics statements="41" coveredstatements="40" conditionals="20" coveredconditionals="13" methods="4" coveredmethods="4"/>
        <line num="3" count="1" type="stmt"/>
        <line num="4" count="1" type="stmt"/>
        <line num="5" count="1" type="stmt"/>
        <line num="7" count="1" type="stmt"/>
        <line num="8" count="11" type="cond" truecount="3" falsecount="1"/>
        <line num="9" count="11" type="cond" truecount="0" falsecount="1"/>
        <line num="10" count="11" type="stmt"/>
        <line num="12" count="11" type="stmt"/>
        <line num="13" count="11" type="cond" truecount="1" falsecount="0"/>
        <line num="14" count="1" type="stmt"/>
        <line num="15" count="1" type="stmt"/>
        <line num="16" count="1" type="stmt"/>
        <line num="18" count="11" type="cond" truecount="1" falsecount="0"/>
        <line num="19" count="10" type="stmt"/>
        <line num="21" count="11" type="stmt"/>
        <line num="27" count="82" type="stmt"/>
        <line num="28" count="82" type="stmt"/>
        <line num="33" count="160" type="stmt"/>
        <line num="34" count="160" type="stmt"/>
        <line num="35" count="160" type="stmt"/>
        <line num="40" count="165" type="stmt"/>
        <line num="41" count="165" type="stmt"/>
        <line num="42" count="165" type="stmt"/>
        <line num="45" count="160" type="stmt"/>
        <line num="46" count="160" type="stmt"/>
        <line num="49" count="82" type="stmt"/>
        <line num="50" count="82" type="stmt"/>
        <line num="53" count="11" type="cond" truecount="1" falsecount="0"/>
        <line num="55" count="1" type="stmt"/>
        <line num="56" count="1" type="stmt"/>
        <line num="57" count="1" type="stmt"/>
        <line num="58" count="1" type="stmt"/>
        <line num="59" count="1" type="stmt"/>
        <line num="60" count="1" type="stmt"/>
        <line num="61" count="1" type="stmt"/>
        <line num="62" count="1" type="cond" truecount="0" falsecount="1"/>
        <line num="63" count="1" type="cond" truecount="3" falsecount="1"/>
        <line num="70" count="11" type="cond" truecount="0" falsecount="1"/>
        <line num="71" count="11" type="cond" truecount="2" falsecount="1"/>
        <line num="72" count="11" type="cond" truecount="1" falsecount="0"/>
        <line num="73" count="0" type="stmt"/>
      </file>
      <file name="findCharsFirstPos.ts" path="C:\Users\am097662\Documents\AppDevelopment\hl7-json\src\decode\findCharsFirstPos.ts">
        <metrics statements="7" coveredstatements="6" conditionals="1" coveredconditionals="0" methods="4" coveredmethods="4"/>
        <line num="1" count="1" type="stmt"/>
        <line num="2" count="407" type="stmt"/>
        <line num="5" count="1794" type="cond" truecount="0" falsecount="1"/>
        <line num="6" count="0" type="stmt"/>
        <line num="7" count="1794" type="stmt"/>
        <line num="9" count="1304" type="stmt"/>
        <line num="10" count="1304" type="stmt"/>
      </file>
      <file name="getEncodingChars.ts" path="C:\Users\am097662\Documents\AppDevelopment\hl7-json\src\decode\getEncodingChars.ts">
        <metrics statements="2" coveredstatements="2" conditionals="2" coveredconditionals="2" methods="1" coveredmethods="1"/>
        <line num="3" count="1" type="stmt"/>
        <line num="4" count="2" type="stmt"/>
      </file>
      <file name="index.ts" path="C:\Users\am097662\Documents\AppDevelopment\hl7-json\src\decode\index.ts">
        <metrics statements="2" coveredstatements="2" conditionals="0" coveredconditionals="0" methods="0" coveredmethods="0"/>
        <line num="1" count="1" type="stmt"/>
        <line num="3" count="1" type="stmt"/>
      </file>
    </package>
    <package name="src.encode">
      <metrics statements="33" coveredstatements="33" conditionals="32" coveredconditionals="25" methods="10" coveredmethods="8"/>
      <file name="encodeHL7.ts" path="C:\Users\am097662\Documents\AppDevelopment\hl7-json\src\encode\encodeHL7.ts">
        <metrics statements="19" coveredstatements="19" conditionals="10" coveredconditionals="7" methods="6" coveredmethods="6"/>
        <line num="2" count="1" type="stmt"/>
        <line num="3" count="1" type="stmt"/>
        <line num="6" count="1" type="stmt"/>
        <line num="7" count="1" type="stmt"/>
        <line num="8" count="1" type="stmt"/>
        <line num="9" count="1" type="stmt"/>
        <line num="10" count="1" type="stmt"/>
        <line num="11" count="11" type="cond" truecount="1" falsecount="0"/>
        <line num="12" count="11" type="cond" truecount="1" falsecount="0"/>
        <line num="13" count="1" type="stmt"/>
        <line num="14" count="1" type="cond" truecount="4" falsecount="2"/>
        <line num="15" count="1" type="cond" truecount="1" falsecount="1"/>
        <line num="16" count="1" type="stmt"/>
        <line num="19" count="11" type="stmt"/>
        <line num="20" count="85" type="stmt"/>
        <line num="21" count="93" type="stmt"/>
        <line num="22" count="130" type="stmt"/>
        <line num="23" count="24" type="stmt"/>
        <line num="29" count="1" type="stmt"/>
      </file>
      <file name="encodeRep.ts" path="C:\Users\am097662\Documents\AppDevelopment\hl7-json\src\encode\encodeRep.ts">
        <metrics statements="8" coveredstatements="8" conditionals="20" coveredconditionals="17" methods="2" coveredmethods="1"/>
        <line num="1" count="1" type="stmt"/>
        <line num="4" count="85" type="cond" truecount="0" falsecount="1"/>
        <line num="6" count="85" type="cond" truecount="4" falsecount="0"/>
        <line num="7" count="52" type="stmt"/>
        <line num="9" count="33" type="cond" truecount="13" falsecount="2"/>
        <line num="10" count="5" type="stmt"/>
        <line num="11" count="5" type="stmt"/>
        <line num="13" count="28" type="stmt"/>
      </file>
      <file name="encodeSep.ts" path="C:\Users\am097662\Documents\AppDevelopment\hl7-json\src\encode\encodeSep.ts">
        <metrics statements="4" coveredstatements="4" conditionals="2" coveredconditionals="1" methods="2" coveredmethods="1"/>
        <line num="1" count="1" type="stmt"/>
        <line num="4" count="235" type="cond" truecount="0" falsecount="1"/>
        <line num="6" count="235" type="cond" truecount="1" falsecount="0"/>
        <line num="7" count="60" type="stmt"/>
      </file>
      <file name="index.ts" path="C:\Users\am097662\Documents\AppDevelopment\hl7-json\src\encode\index.ts">
        <metrics statements="2" coveredstatements="2" conditionals="0" coveredconditionals="0" methods="0" coveredmethods="0"/>
        <line num="1" count="1" type="stmt"/>
        <line num="3" count="1" type="stmt"/>
      </file>
    </package>
  </project>
</coverage>
