TN:
SF:src\index.ts
FN:13,(anonymous_2)
FN:27,Msg
FN:37,(anonymous_4)
FN:52,(anonymous_5)
FN:56,(anonymous_6)
FN:86,(anonymous_7)
FN:95,(anonymous_8)
FN:99,(anonymous_9)
FN:103,(anonymous_10)
FN:115,(anonymous_11)
FN:122,(anonymous_12)
FN:123,(anonymous_13)
FNF:12
FNH:12
FNDA:1,(anonymous_2)
FNDA:1,Msg
FNDA:1,(anonymous_4)
FNDA:1,(anonymous_5)
FNDA:45,(anonymous_6)
FNDA:45,(anonymous_7)
FNDA:53,(anonymous_8)
FNDA:53,(anonymous_9)
FNDA:53,(anonymous_10)
FNDA:42,(anonymous_11)
FNDA:17,(anonymous_12)
FNDA:17,(anonymous_13)
DA:1,1
DA:2,1
DA:3,1
DA:13,1
DA:15,1
DA:27,1
DA:28,1
DA:29,1
DA:30,0
DA:31,0
DA:33,0
DA:37,1
DA:38,1
DA:39,0
DA:40,0
DA:41,0
DA:43,0
DA:44,0
DA:45,1
DA:46,1
DA:47,1
DA:49,0
DA:52,1
DA:53,1
DA:56,1
DA:57,45
DA:58,45
DA:59,45
DA:60,45
DA:61,45
DA:64,45
DA:67,45
DA:68,45
DA:69,45
DA:70,45
DA:71,45
DA:72,45
DA:73,45
DA:74,45
DA:86,1
DA:94,45
DA:96,53
DA:97,0
DA:100,53
DA:101,53
DA:104,53
DA:110,17
DA:111,17
DA:112,3
DA:113,3
DA:114,14
DA:115,14
DA:116,42
DA:117,42
DA:120,17
DA:121,15
DA:122,17
DA:124,17
DA:129,15
DA:130,2
DA:133,17
DA:134,14
DA:136,3
DA:138,36
DA:139,25
DA:140,1
DA:141,24
DA:142,24
DA:147,24
DA:148,0
DA:150,11
DA:152,45
DA:153,5
DA:155,1
LF:74
LH:63
BRDA:38,0,0,0
BRDA:38,0,1,1
BRDA:40,1,0,0
BRDA:45,2,0,1
BRDA:57,3,0,0
BRDA:73,4,0,45
BRDA:73,4,1,0
BRDA:73,5,0,45
BRDA:73,5,1,45
BRDA:76,6,0,45
BRDA:76,6,1,0
BRDA:77,7,0,0
BRDA:77,7,1,45
BRDA:78,8,0,31
BRDA:78,8,1,14
BRDA:79,9,0,14
BRDA:79,9,1,31
BRDA:80,10,0,44
BRDA:80,10,1,1
BRDA:96,11,0,53
BRDA:100,12,0,0
BRDA:101,13,0,0
BRDA:101,13,1,53
BRDA:101,14,0,53
BRDA:101,14,1,53
BRDA:104,15,0,17
BRDA:105,16,0,53
BRDA:105,16,1,42
BRDA:105,16,2,42
BRDA:105,16,3,19
BRDA:108,17,0,2
BRDA:108,17,1,17
BRDA:108,18,0,19
BRDA:108,18,1,17
BRDA:111,19,0,3
BRDA:111,19,1,14
BRDA:114,20,0,14
BRDA:114,21,0,14
BRDA:114,21,1,14
BRDA:116,22,0,0
BRDA:120,23,0,15
BRDA:120,24,0,17
BRDA:120,24,1,15
BRDA:122,25,0,0
BRDA:122,25,1,17
BRDA:122,26,0,17
BRDA:122,26,1,17
BRDA:124,27,0,15
BRDA:125,28,0,17
BRDA:125,28,1,2
BRDA:125,28,2,2
BRDA:130,29,0,0
BRDA:130,29,1,2
BRDA:130,30,0,2
BRDA:130,30,1,2
BRDA:133,31,0,14
BRDA:133,32,0,17
BRDA:133,32,1,17
BRDA:138,33,0,25
BRDA:139,34,0,1
BRDA:139,35,0,25
BRDA:139,35,1,24
BRDA:141,36,0,0
BRDA:141,36,1,24
BRDA:141,37,0,24
BRDA:141,37,1,24
BRDA:142,38,0,24
BRDA:143,39,0,24
BRDA:143,39,1,0
BRDA:143,39,2,0
BRDA:148,40,0,0
BRDA:148,40,1,0
BRDA:148,41,0,0
BRDA:148,41,1,0
BRDA:152,42,0,40
BRDA:28,43,0,1
BRDA:28,43,1,0
BRDA:29,44,0,1
BRDA:29,44,1,0
BRDA:29,45,0,1
BRDA:29,45,1,1
BRDA:30,46,0,0
BRDA:30,46,1,0
BRF:83
BRH:61
end_of_record
TN:
SF:src\class\getSegment.ts
FN:3,(anonymous_0)
FN:9,(anonymous_1)
FNF:2
FNH:2
FNDA:45,(anonymous_0)
FNDA:496,(anonymous_1)
DA:3,1
DA:4,45
DA:5,45
DA:6,0
DA:9,496
LF:5
LH:4
BRDA:4,0,0,0
BRDA:5,1,0,0
BRF:2
BRH:0
end_of_record
TN:
SF:src\decode\decodeHL7.ts
FN:5,(anonymous_0)
FN:29,(anonymous_1)
FN:30,(anonymous_2)
FNF:3
FNH:3
FNDA:1,(anonymous_0)
FNDA:11,(anonymous_1)
FNDA:11,(anonymous_2)
DA:2,1
DA:3,1
DA:5,2
DA:6,1
DA:7,0
DA:13,1
DA:25,1
DA:28,1
DA:29,11
DA:31,11
DA:33,1
LF:11
LH:10
BRDA:5,0,0,1
BRDA:6,1,0,0
BRDA:13,2,0,0
BRDA:13,2,1,1
BRDA:15,3,0,1
BRDA:15,3,1,0
BRF:6
BRH:3
end_of_record
TN:
SF:src\decode\decodeRepSep.ts
FN:3,(anonymous_0)
FNF:1
FNH:1
FNDA:253,(anonymous_0)
DA:3,1
DA:20,253
DA:21,253
DA:22,242
DA:23,242
DA:25,253
DA:26,230
DA:27,230
DA:28,230
DA:29,399
DA:30,399
DA:31,399
DA:32,407
DA:33,407
DA:34,407
DA:35,407
DA:37,407
DA:39,399
DA:40,0
DA:41,399
DA:42,394
DA:44,5
DA:45,5
DA:48,230
DA:49,0
DA:50,230
DA:51,171
DA:53,59
LF:28
LH:26
BRDA:21,0,0,242
BRDA:25,1,0,23
BRDA:31,2,0,481
BRDA:31,2,1,156
BRDA:32,3,0,82
BRDA:37,4,0,325
BRDA:39,5,0,0
BRDA:39,5,1,399
BRDA:41,6,0,394
BRDA:41,6,1,5
BRDA:48,7,0,0
BRDA:48,7,1,230
BRDA:50,8,0,171
BRDA:50,9,0,230
BRDA:50,9,1,171
BRF:15
BRH:13
end_of_record
TN:
SF:src\decode\decodeSegment.ts
FN:7,(anonymous_1)
FN:25,(anonymous_2)
FN:32,(anonymous_3)
FN:39,(anonymous_4)
FNF:4
FNH:4
FNDA:11,(anonymous_1)
FNDA:82,(anonymous_2)
FNDA:160,(anonymous_3)
FNDA:165,(anonymous_4)
DA:3,1
DA:4,1
DA:5,1
DA:7,1
DA:8,11
DA:9,11
DA:10,11
DA:12,11
DA:13,11
DA:14,1
DA:15,1
DA:16,1
DA:18,11
DA:19,10
DA:21,11
DA:27,82
DA:28,82
DA:33,160
DA:34,160
DA:35,160
DA:40,165
DA:41,165
DA:42,165
DA:45,160
DA:46,160
DA:49,82
DA:50,82
DA:53,11
DA:55,1
DA:56,1
DA:57,1
DA:58,1
DA:59,1
DA:60,1
DA:61,1
DA:62,1
DA:63,1
DA:70,11
DA:71,11
DA:72,11
DA:73,0
LF:41
LH:40
BRDA:8,0,0,0
BRDA:8,0,1,11
BRDA:8,1,0,11
BRDA:8,1,1,11
BRDA:9,2,0,0
BRDA:13,3,0,1
BRDA:18,4,0,10
BRDA:53,5,0,1
BRDA:62,6,0,0
BRDA:63,7,0,0
BRDA:63,7,1,1
BRDA:63,8,0,1
BRDA:63,8,1,1
BRDA:66,9,0,0
BRDA:66,9,1,1
BRDA:70,10,0,0
BRDA:71,11,0,0
BRDA:71,12,0,11
BRDA:71,12,1,11
BRDA:72,13,0,11
BRF:20
BRH:13
end_of_record
TN:
SF:src\decode\findCharsFirstPos.ts
FN:1,(anonymous_0)
FN:4,(anonymous_1)
FN:9,(anonymous_2)
FN:10,(anonymous_3)
FNF:4
FNH:4
FNDA:407,(anonymous_0)
FNDA:1794,(anonymous_1)
FNDA:1304,(anonymous_2)
FNDA:1304,(anonymous_3)
DA:1,1
DA:2,407
DA:5,1794
DA:6,0
DA:7,1794
DA:9,1304
DA:10,1304
LF:7
LH:6
BRDA:5,0,0,0
BRF:1
BRH:0
end_of_record
TN:
SF:src\decode\getEncodingChars.ts
FN:3,(anonymous_0)
FNF:1
FNH:1
FNDA:2,(anonymous_0)
DA:3,1
DA:4,2
LF:2
LH:2
BRDA:11,0,0,1
BRDA:11,0,1,1
BRF:2
BRH:2
end_of_record
TN:
SF:src\decode\index.ts
FNF:0
FNH:0
DA:1,1
DA:3,1
LF:2
LH:2
BRF:0
BRH:0
end_of_record
TN:
SF:src\encode\encodeHL7.ts
FN:6,(anonymous_0)
FN:10,(anonymous_1)
FN:19,(anonymous_2)
FN:20,(anonymous_3)
FN:21,(anonymous_4)
FN:22,(anonymous_5)
FNF:6
FNH:6
FNDA:1,(anonymous_0)
FNDA:11,(anonymous_1)
FNDA:85,(anonymous_2)
FNDA:93,(anonymous_3)
FNDA:130,(anonymous_4)
FNDA:24,(anonymous_5)
DA:2,1
DA:3,1
DA:6,1
DA:7,1
DA:8,1
DA:9,1
DA:10,1
DA:11,11
DA:12,11
DA:13,1
DA:14,1
DA:15,1
DA:16,1
DA:19,11
DA:20,85
DA:21,93
DA:22,130
DA:23,24
DA:29,1
LF:19
LH:19
BRDA:11,0,0,11
BRDA:12,1,0,1
BRDA:14,2,0,1
BRDA:14,2,1,0
BRDA:14,3,0,0
BRDA:14,3,1,1
BRDA:14,4,0,1
BRDA:14,4,1,1
BRDA:15,5,0,1
BRDA:15,5,1,0
BRF:10
BRH:7
end_of_record
TN:
SF:src\encode\encodeRep.ts
FN:1,(anonymous_0)
FN:4,(anonymous_1)
FNF:2
FNH:1
FNDA:85,(anonymous_0)
FNDA:0,(anonymous_1)
DA:1,1
DA:4,85
DA:6,85
DA:7,52
DA:9,33
DA:10,5
DA:11,5
DA:13,28
LF:8
LH:8
BRDA:4,0,0,0
BRDA:6,1,0,52
BRDA:6,2,0,85
BRDA:6,2,1,33
BRDA:6,2,2,33
BRDA:9,3,0,5
BRDA:9,4,0,33
BRDA:9,4,1,8
BRDA:9,5,0,0
BRDA:9,5,1,33
BRDA:9,6,0,33
BRDA:9,6,1,33
BRDA:9,7,0,3
BRDA:9,7,1,5
BRDA:9,8,0,8
BRDA:9,8,1,5
BRDA:9,9,0,0
BRDA:9,9,1,8
BRDA:9,10,0,8
BRDA:9,10,1,8
BRF:20
BRH:17
end_of_record
TN:
SF:src\encode\encodeSep.ts
FN:1,(anonymous_0)
FN:4,(anonymous_1)
FNF:2
FNH:1
FNDA:235,(anonymous_0)
FNDA:0,(anonymous_1)
DA:1,1
DA:4,235
DA:6,235
DA:7,60
LF:4
LH:4
BRDA:4,0,0,0
BRDA:6,1,0,175
BRF:2
BRH:1
end_of_record
TN:
SF:src\encode\index.ts
FNF:0
FNH:0
DA:1,1
DA:3,1
LF:2
LH:2
BRF:0
BRH:0
end_of_record
